./scripts/run_imagenet.sh --train-dir=/pscratch/sd/s/sli/data/ILSVRC2012_img_train/ --val-dir=/pscratch/sd/s/sli/data/ILSVRC2012_img_val/ --batch-size=128 --base-lr=0.025
Training command: export OMP_NUM_THREADS=4 ;  torchrun --nnodes=64 --nproc_per_node=auto --max_restarts 0 --rdzv_backend=c10d --rdzv_endpoint=nid001008  examples/torch_imagenet_resnet.py --train-dir=/pscratch/sd/s/sli/data/ILSVRC2012_img_train/ --val-dir=/pscratch/sd/s/sli/data/ILSVRC2012_img_val/ --batch-size=128 --base-lr=0.025
Launching rank 0 on local node nid001008
Launching rank 1 on remote node nid001028
Launching rank 2 on remote node nid001029
Launching rank 3 on remote node nid001037
Launching rank 4 on remote node nid001040
Launching rank 5 on remote node nid001041
Launching rank 6 on remote node nid001064
Launching rank 7 on remote node nid001092
Launching rank 8 on remote node nid001096
Launching rank 9 on remote node nid001097
Launching rank 10 on remote node nid001100
Launching rank 11 on remote node nid001104
Launching rank 12 on remote node nid001125
Launching rank 13 on remote node nid001128
Launching rank 14 on remote node nid001172
Launching rank 15 on remote node nid001173
Launching rank 16 on remote node nid001236
Launching rank 17 on remote node nid001237
Launching rank 18 on remote node nid001244
Launching rank 19 on remote node nid001245
Launching rank 20 on remote node nid001249
Launching rank 21 on remote node nid001252
Launching rank 22 on remote node nid001253
Launching rank 23 on remote node nid001256
Launching rank 24 on remote node nid001257
Launching rank 25 on remote node nid001321
Launching rank 26 on remote node nid001324
Launching rank 27 on remote node nid001325
Launching rank 28 on remote node nid001328
Launching rank 29 on remote node nid001329
Launching rank 30 on remote node nid001332
Launching rank 31 on remote node nid001333
Launching rank 32 on remote node nid001336
Launching rank 33 on remote node nid001341
Launching rank 34 on remote node nid001344
Launching rank 35 on remote node nid001345
Launching rank 36 on remote node nid001348
Launching rank 37 on remote node nid001365
Launching rank 38 on remote node nid001368
Launching rank 39 on remote node nid001369
Launching rank 40 on remote node nid001372
Launching rank 41 on remote node nid001373
Launching rank 42 on remote node nid001376
Launching rank 43 on remote node nid001377
Launching rank 44 on remote node nid001380
Launching rank 45 on remote node nid001381
Launching rank 46 on remote node nid001384
Launching rank 47 on remote node nid001388
Launching rank 48 on remote node nid001389
Launching rank 49 on remote node nid001392
Launching rank 50 on remote node nid001400
Launching rank 51 on remote node nid001401
Launching rank 52 on remote node nid001457
Launching rank 53 on remote node nid001460
Launching rank 54 on remote node nid001461
Launching rank 55 on remote node nid001932
Launching rank 56 on remote node nid001933
Launching rank 57 on remote node nid003336
Launching rank 58 on remote node nid003337
Launching rank 59 on remote node nid003385
Launching rank 60 on remote node nid003388
Launching rank 61 on remote node nid003400
Launching rank 62 on remote node nid003401
Launching rank 63 on remote node nid003404
Collecting env info...
PyTorch version: 1.11.0
Is debug build: False
CUDA used to build PyTorch: 11.5
ROCM used to build PyTorch: N/A

OS: SUSE Linux Enterprise Server 15 SP3 (x86_64)
GCC version: (GCC) 11.2.0 20210728 (Cray Inc.)
Clang version: Could not collect
CMake version: version 3.17.0
Libc version: glibc-2.31

Python version: 3.9.7 (default, Sep 16 2021, 13:09:58)  [GCC 7.5.0] (64-bit runtime)
Python platform: Linux-5.3.18-150300.59.43_11.0.51-cray_shasta_c-x86_64-with-glibc2.31
Is CUDA available: True
CUDA runtime version: 11.5.119
GPU models and configuration: 
GPU 0: NVIDIA A100-SXM4-40GB
GPU 1: NVIDIA A100-SXM4-40GB
GPU 2: NVIDIA A100-SXM4-40GB
GPU 3: NVIDIA A100-SXM4-40GB

Nvidia driver version: 515.48.07
cuDNN version: Could not collect
HIP runtime version: N/A
MIOpen runtime version: N/A

Versions of relevant libraries:
[pip3] kfac-pytorch==0.4.1
[pip3] numpy==1.21.2
[pip3] pytorch-lightning==1.5.10
[pip3] torch==1.11.0
[pip3] torch-cluster==1.6.0
[pip3] torch-geometric==2.0.4
[pip3] torch-scatter==2.0.9
[pip3] torch-sparse==0.6.13
[pip3] torch-tb-profiler==0.4.0
[pip3] torchinfo==1.5.2
[pip3] torchmetrics==0.7.3
[pip3] torchvision==0.12.0a0+9b5a3fe
[conda] Could not collect

Global rank 0 initialized: local_rank = 0, world_size = 256
Global rank 1 initialized: local_rank = 1, world_size = 256
Global rank 2 initialized: local_rank = 2, world_size = 256
Global rank 3 initialized: local_rank = 3, world_size = 256
Global rank 4 initialized: local_rank = 0, world_size = 256
Global rank 5 initialized: local_rank = 1, world_size = 256
Global rank 6 initialized: local_rank = 2, world_size = 256
Global rank 7 initialized: local_rank = 3, world_size = 256
Global rank 8 initialized: local_rank = 0, world_size = 256
Global rank 9 initialized: local_rank = 1, world_size = 256
Global rank 10 initialized: local_rank = 2, world_size = 256
Global rank 11 initialized: local_rank = 3, world_size = 256
Global rank 12 initialized: local_rank = 0, world_size = 256
Global rank 13 initialized: local_rank = 1, world_size = 256
Global rank 14 initialized: local_rank = 2, world_size = 256
Global rank 15 initialized: local_rank = 3, world_size = 256
Global rank 16 initialized: local_rank = 0, world_size = 256
Global rank 17 initialized: local_rank = 1, world_size = 256
Global rank 18 initialized: local_rank = 2, world_size = 256
Global rank 19 initialized: local_rank = 3, world_size = 256
Global rank 20 initialized: local_rank = 0, world_size = 256
Global rank 21 initialized: local_rank = 1, world_size = 256
Global rank 22 initialized: local_rank = 2, world_size = 256
Global rank 23 initialized: local_rank = 3, world_size = 256
Global rank 24 initialized: local_rank = 0, world_size = 256
Global rank 25 initialized: local_rank = 1, world_size = 256
Global rank 26 initialized: local_rank = 2, world_size = 256
Global rank 27 initialized: local_rank = 3, world_size = 256
Global rank 28 initialized: local_rank = 0, world_size = 256
Global rank 29 initialized: local_rank = 1, world_size = 256
Global rank 30 initialized: local_rank = 2, world_size = 256
Global rank 31 initialized: local_rank = 3, world_size = 256
Global rank 32 initialized: local_rank = 0, world_size = 256
Global rank 33 initialized: local_rank = 1, world_size = 256
Global rank 34 initialized: local_rank = 2, world_size = 256
Global rank 35 initialized: local_rank = 3, world_size = 256
Global rank 36 initialized: local_rank = 0, world_size = 256
Global rank 37 initialized: local_rank = 1, world_size = 256
Global rank 38 initialized: local_rank = 2, world_size = 256
Global rank 39 initialized: local_rank = 3, world_size = 256
Global rank 40 initialized: local_rank = 0, world_size = 256
Global rank 41 initialized: local_rank = 1, world_size = 256
Global rank 42 initialized: local_rank = 2, world_size = 256
Global rank 43 initialized: local_rank = 3, world_size = 256
Global rank 44 initialized: local_rank = 0, world_size = 256
Global rank 45 initialized: local_rank = 1, world_size = 256
Global rank 46 initialized: local_rank = 2, world_size = 256
Global rank 47 initialized: local_rank = 3, world_size = 256
Global rank 48 initialized: local_rank = 0, world_size = 256
Global rank 49 initialized: local_rank = 1, world_size = 256
Global rank 50 initialized: local_rank = 2, world_size = 256
Global rank 51 initialized: local_rank = 3, world_size = 256
Global rank 52 initialized: local_rank = 0, world_size = 256
Global rank 53 initialized: local_rank = 1, world_size = 256
Global rank 54 initialized: local_rank = 2, world_size = 256
Global rank 55 initialized: local_rank = 3, world_size = 256
Global rank 56 initialized: local_rank = 0, world_size = 256
Global rank 57 initialized: local_rank = 1, world_size = 256
Global rank 58 initialized: local_rank = 2, world_size = 256
Global rank 59 initialized: local_rank = 3, world_size = 256
Global rank 60 initialized: local_rank = 0, world_size = 256
Global rank 61 initialized: local_rank = 1, world_size = 256
Global rank 62 initialized: local_rank = 2, world_size = 256
Global rank 63 initialized: local_rank = 3, world_size = 256
Global rank 64 initialized: local_rank = 0, world_size = 256
Global rank 65 initialized: local_rank = 1, world_size = 256
Global rank 66 initialized: local_rank = 2, world_size = 256
Global rank 67 initialized: local_rank = 3, world_size = 256
Global rank 68 initialized: local_rank = 0, world_size = 256
Global rank 69 initialized: local_rank = 1, world_size = 256
Global rank 70 initialized: local_rank = 2, world_size = 256
Global rank 71 initialized: local_rank = 3, world_size = 256
Global rank 72 initialized: local_rank = 0, world_size = 256
Global rank 73 initialized: local_rank = 1, world_size = 256
Global rank 74 initialized: local_rank = 2, world_size = 256
Global rank 75 initialized: local_rank = 3, world_size = 256
Global rank 76 initialized: local_rank = 0, world_size = 256
Global rank 77 initialized: local_rank = 1, world_size = 256
Global rank 78 initialized: local_rank = 2, world_size = 256
Global rank 79 initialized: local_rank = 3, world_size = 256
Global rank 80 initialized: local_rank = 0, world_size = 256
Global rank 81 initialized: local_rank = 1, world_size = 256
Global rank 82 initialized: local_rank = 2, world_size = 256
Global rank 83 initialized: local_rank = 3, world_size = 256
Global rank 84 initialized: local_rank = 0, world_size = 256
Global rank 85 initialized: local_rank = 1, world_size = 256
Global rank 86 initialized: local_rank = 2, world_size = 256
Global rank 87 initialized: local_rank = 3, world_size = 256
Global rank 88 initialized: local_rank = 0, world_size = 256
Global rank 89 initialized: local_rank = 1, world_size = 256
Global rank 90 initialized: local_rank = 2, world_size = 256
Global rank 91 initialized: local_rank = 3, world_size = 256
Global rank 92 initialized: local_rank = 0, world_size = 256
Global rank 93 initialized: local_rank = 1, world_size = 256
Global rank 94 initialized: local_rank = 2, world_size = 256
Global rank 95 initialized: local_rank = 3, world_size = 256
Global rank 96 initialized: local_rank = 0, world_size = 256
Global rank 97 initialized: local_rank = 1, world_size = 256
Global rank 98 initialized: local_rank = 2, world_size = 256
Global rank 99 initialized: local_rank = 3, world_size = 256
Global rank 100 initialized: local_rank = 0, world_size = 256
Global rank 101 initialized: local_rank = 1, world_size = 256
Global rank 102 initialized: local_rank = 2, world_size = 256
Global rank 103 initialized: local_rank = 3, world_size = 256
Global rank 104 initialized: local_rank = 0, world_size = 256
Global rank 105 initialized: local_rank = 1, world_size = 256
Global rank 106 initialized: local_rank = 2, world_size = 256
Global rank 107 initialized: local_rank = 3, world_size = 256
Global rank 108 initialized: local_rank = 0, world_size = 256
Global rank 109 initialized: local_rank = 1, world_size = 256
Global rank 110 initialized: local_rank = 2, world_size = 256
Global rank 111 initialized: local_rank = 3, world_size = 256
Global rank 112 initialized: local_rank = 0, world_size = 256
Global rank 113 initialized: local_rank = 1, world_size = 256
Global rank 114 initialized: local_rank = 2, world_size = 256
Global rank 115 initialized: local_rank = 3, world_size = 256
Global rank 116 initialized: local_rank = 0, world_size = 256
Global rank 117 initialized: local_rank = 1, world_size = 256
Global rank 118 initialized: local_rank = 2, world_size = 256
Global rank 119 initialized: local_rank = 3, world_size = 256
Global rank 120 initialized: local_rank = 0, world_size = 256
Global rank 121 initialized: local_rank = 1, world_size = 256
Global rank 122 initialized: local_rank = 2, world_size = 256
Global rank 123 initialized: local_rank = 3, world_size = 256
Global rank 124 initialized: local_rank = 0, world_size = 256
Global rank 125 initialized: local_rank = 1, world_size = 256
Global rank 126 initialized: local_rank = 2, world_size = 256
Global rank 127 initialized: local_rank = 3, world_size = 256
Global rank 128 initialized: local_rank = 0, world_size = 256
Global rank 129 initialized: local_rank = 1, world_size = 256
Global rank 130 initialized: local_rank = 2, world_size = 256
Global rank 131 initialized: local_rank = 3, world_size = 256
Global rank 132 initialized: local_rank = 0, world_size = 256
Global rank 133 initialized: local_rank = 1, world_size = 256
Global rank 134 initialized: local_rank = 2, world_size = 256
Global rank 135 initialized: local_rank = 3, world_size = 256
Global rank 136 initialized: local_rank = 0, world_size = 256
Global rank 137 initialized: local_rank = 1, world_size = 256
Global rank 138 initialized: local_rank = 2, world_size = 256
Global rank 139 initialized: local_rank = 3, world_size = 256
Global rank 140 initialized: local_rank = 0, world_size = 256
Global rank 141 initialized: local_rank = 1, world_size = 256
Global rank 142 initialized: local_rank = 2, world_size = 256
Global rank 143 initialized: local_rank = 3, world_size = 256
Global rank 144 initialized: local_rank = 0, world_size = 256
Global rank 145 initialized: local_rank = 1, world_size = 256
Global rank 146 initialized: local_rank = 2, world_size = 256
Global rank 147 initialized: local_rank = 3, world_size = 256
Global rank 148 initialized: local_rank = 0, world_size = 256
Global rank 149 initialized: local_rank = 1, world_size = 256
Global rank 150 initialized: local_rank = 2, world_size = 256
Global rank 151 initialized: local_rank = 3, world_size = 256
Global rank 152 initialized: local_rank = 0, world_size = 256
Global rank 153 initialized: local_rank = 1, world_size = 256
Global rank 154 initialized: local_rank = 2, world_size = 256
Global rank 155 initialized: local_rank = 3, world_size = 256
Global rank 156 initialized: local_rank = 0, world_size = 256
Global rank 157 initialized: local_rank = 1, world_size = 256
Global rank 158 initialized: local_rank = 2, world_size = 256
Global rank 159 initialized: local_rank = 3, world_size = 256
Global rank 160 initialized: local_rank = 0, world_size = 256
Global rank 161 initialized: local_rank = 1, world_size = 256
Global rank 162 initialized: local_rank = 2, world_size = 256
Global rank 163 initialized: local_rank = 3, world_size = 256
Global rank 164 initialized: local_rank = 0, world_size = 256
Global rank 165 initialized: local_rank = 1, world_size = 256
Global rank 166 initialized: local_rank = 2, world_size = 256
Global rank 167 initialized: local_rank = 3, world_size = 256
Global rank 168 initialized: local_rank = 0, world_size = 256
Global rank 169 initialized: local_rank = 1, world_size = 256
Global rank 170 initialized: local_rank = 2, world_size = 256
Global rank 171 initialized: local_rank = 3, world_size = 256
Global rank 172 initialized: local_rank = 0, world_size = 256
Global rank 173 initialized: local_rank = 1, world_size = 256
Global rank 174 initialized: local_rank = 2, world_size = 256
Global rank 175 initialized: local_rank = 3, world_size = 256
Global rank 176 initialized: local_rank = 0, world_size = 256
Global rank 177 initialized: local_rank = 1, world_size = 256
Global rank 178 initialized: local_rank = 2, world_size = 256
Global rank 179 initialized: local_rank = 3, world_size = 256
Global rank 180 initialized: local_rank = 0, world_size = 256
Global rank 181 initialized: local_rank = 1, world_size = 256
Global rank 182 initialized: local_rank = 2, world_size = 256
Global rank 183 initialized: local_rank = 3, world_size = 256
Global rank 184 initialized: local_rank = 0, world_size = 256
Global rank 185 initialized: local_rank = 1, world_size = 256
Global rank 186 initialized: local_rank = 2, world_size = 256
Global rank 187 initialized: local_rank = 3, world_size = 256
Global rank 188 initialized: local_rank = 0, world_size = 256
Global rank 189 initialized: local_rank = 1, world_size = 256
Global rank 190 initialized: local_rank = 2, world_size = 256
Global rank 191 initialized: local_rank = 3, world_size = 256
Global rank 192 initialized: local_rank = 0, world_size = 256
Global rank 193 initialized: local_rank = 1, world_size = 256
Global rank 194 initialized: local_rank = 2, world_size = 256
Global rank 195 initialized: local_rank = 3, world_size = 256
Global rank 196 initialized: local_rank = 0, world_size = 256
Global rank 197 initialized: local_rank = 1, world_size = 256
Global rank 198 initialized: local_rank = 2, world_size = 256
Global rank 199 initialized: local_rank = 3, world_size = 256
Global rank 200 initialized: local_rank = 0, world_size = 256
Global rank 201 initialized: local_rank = 1, world_size = 256
Global rank 202 initialized: local_rank = 2, world_size = 256
Global rank 203 initialized: local_rank = 3, world_size = 256
Global rank 204 initialized: local_rank = 0, world_size = 256
Global rank 205 initialized: local_rank = 1, world_size = 256
Global rank 206 initialized: local_rank = 2, world_size = 256
Global rank 207 initialized: local_rank = 3, world_size = 256
Global rank 208 initialized: local_rank = 0, world_size = 256
Global rank 209 initialized: local_rank = 1, world_size = 256
Global rank 210 initialized: local_rank = 2, world_size = 256
Global rank 211 initialized: local_rank = 3, world_size = 256
Global rank 212 initialized: local_rank = 0, world_size = 256
Global rank 213 initialized: local_rank = 1, world_size = 256
Global rank 214 initialized: local_rank = 2, world_size = 256
Global rank 215 initialized: local_rank = 3, world_size = 256
Global rank 216 initialized: local_rank = 0, world_size = 256
Global rank 217 initialized: local_rank = 1, world_size = 256
Global rank 218 initialized: local_rank = 2, world_size = 256
Global rank 219 initialized: local_rank = 3, world_size = 256
Global rank 220 initialized: local_rank = 0, world_size = 256
Global rank 221 initialized: local_rank = 1, world_size = 256
Global rank 222 initialized: local_rank = 2, world_size = 256
Global rank 223 initialized: local_rank = 3, world_size = 256
Global rank 224 initialized: local_rank = 0, world_size = 256
Global rank 225 initialized: local_rank = 1, world_size = 256
Global rank 226 initialized: local_rank = 2, world_size = 256
Global rank 227 initialized: local_rank = 3, world_size = 256
Global rank 228 initialized: local_rank = 0, world_size = 256
Global rank 229 initialized: local_rank = 1, world_size = 256
Global rank 230 initialized: local_rank = 2, world_size = 256
Global rank 231 initialized: local_rank = 3, world_size = 256
Global rank 232 initialized: local_rank = 0, world_size = 256
Global rank 233 initialized: local_rank = 1, world_size = 256
Global rank 234 initialized: local_rank = 2, world_size = 256
Global rank 235 initialized: local_rank = 3, world_size = 256
Global rank 236 initialized: local_rank = 0, world_size = 256
Global rank 237 initialized: local_rank = 1, world_size = 256
Global rank 238 initialized: local_rank = 2, world_size = 256
Global rank 239 initialized: local_rank = 3, world_size = 256
Global rank 240 initialized: local_rank = 0, world_size = 256
Global rank 241 initialized: local_rank = 1, world_size = 256
Global rank 242 initialized: local_rank = 2, world_size = 256
Global rank 243 initialized: local_rank = 3, world_size = 256
Global rank 244 initialized: local_rank = 0, world_size = 256
Global rank 245 initialized: local_rank = 1, world_size = 256
Global rank 246 initialized: local_rank = 2, world_size = 256
Global rank 247 initialized: local_rank = 3, world_size = 256
Global rank 248 initialized: local_rank = 0, world_size = 256
Global rank 249 initialized: local_rank = 1, world_size = 256
Global rank 250 initialized: local_rank = 2, world_size = 256
Global rank 251 initialized: local_rank = 3, world_size = 256
Global rank 252 initialized: local_rank = 0, world_size = 256
Global rank 253 initialized: local_rank = 1, world_size = 256
Global rank 254 initialized: local_rank = 2, world_size = 256
Global rank 255 initialized: local_rank = 3, world_size = 256
KFACPreconditioner(
  accumulation_steps=1,
  allreduce_bucket_cap_mb=25,
  allreduce_method=AllreduceMethod.ALLREDUCE_BUCKETED,
  assignment=KAISAAssignment,
  assignment_strategy=AssignmentStrategy.COMPUTE,
  colocate_factors=True,
  compute_eigenvalue_outer_product=True,
  compute_method=ComputeMethod.EIGEN,
  damping=0.001,
  decay=False,
  distributed_strategy=DistributedStrategy.COMM_OPT,
  factor_decay=0.95,
  factor_dtype=None,
  factor_update_steps=10,
  grad_scaler=False,
  grad_worker_fraction=1.0,
  inv_dtype=torch.float32,
  inv_update_steps=100,
  kl_clip=0.001,
  layers=54,
  loglevel=10,
  lr=<function get_optimizer.<locals>.<lambda> at 0x14a8cdce6ee0>,
  skip_layers=[],
  steps=0,
  symmetry_aware=False,
  update_factors_in_hook=True,
)
epoch 1 train/loss tensor(7.0311) train/accuracy tensor(0.0013) train/lr 0.025 val/loss tensor(7.5225) val/accuracy tensor(0.0017)
epoch 2 train/loss tensor(7.2765) train/accuracy tensor(0.0015) train/lr 1.3 val/loss tensor(10.0801) val/accuracy tensor(0.0027)
epoch 3 train/loss tensor(6.8629) train/accuracy tensor(0.0035) train/lr 2.575 val/loss tensor(6.8164) val/accuracy tensor(0.0063)
epoch 4 train/loss tensor(6.5430) train/accuracy tensor(0.0113) train/lr 3.85 val/loss tensor(7.0822) val/accuracy tensor(0.0043)
epoch 5 train/loss tensor(6.2642) train/accuracy tensor(0.0227) train/lr 5.125 val/loss tensor(6.8017) val/accuracy tensor(0.0095)
epoch 6 train/loss tensor(6.2446) train/accuracy tensor(0.0246) train/lr 6.4 val/loss tensor(6.4068) val/accuracy tensor(0.0173)
epoch 7 train/loss tensor(6.0057) train/accuracy tensor(0.0393) train/lr 6.4 val/loss tensor(6.5858) val/accuracy tensor(0.0140)
epoch 8 train/loss tensor(5.8067) train/accuracy tensor(0.0552) train/lr 6.4 val/loss tensor(6.2215) val/accuracy tensor(0.0252)
epoch 9 train/loss tensor(5.5749) train/accuracy tensor(0.0764) train/lr 6.4 val/loss tensor(6.5640) val/accuracy tensor(0.0124)
epoch 10 train/loss tensor(5.3388) train/accuracy tensor(0.1013) train/lr 6.4 val/loss tensor(6.0953) val/accuracy tensor(0.0355)
epoch 11 train/loss tensor(5.2455) train/accuracy tensor(0.1128) train/lr 6.4 val/loss tensor(5.8594) val/accuracy tensor(0.0439)
epoch 12 train/loss tensor(5.0289) train/accuracy tensor(0.1416) train/lr 6.4 val/loss tensor(5.6821) val/accuracy tensor(0.0564)
epoch 13 train/loss tensor(4.8722) train/accuracy tensor(0.1618) train/lr 6.4 val/loss tensor(5.2795) val/accuracy tensor(0.1036)
epoch 14 train/loss tensor(4.7128) train/accuracy tensor(0.1872) train/lr 6.4 val/loss tensor(5.0131) val/accuracy tensor(0.1287)
epoch 15 train/loss tensor(4.4411) train/accuracy tensor(0.2281) train/lr 6.4 val/loss tensor(5.0952) val/accuracy tensor(0.1332)
epoch 16 train/loss tensor(4.4475) train/accuracy tensor(0.2290) train/lr 6.4 val/loss tensor(4.8213) val/accuracy tensor(0.1639)
epoch 17 train/loss tensor(4.2075) train/accuracy tensor(0.2704) train/lr 6.4 val/loss tensor(4.5567) val/accuracy tensor(0.2106)
epoch 18 train/loss tensor(4.0600) train/accuracy tensor(0.2957) train/lr 6.4 val/loss tensor(4.8488) val/accuracy tensor(0.1827)
epoch 19 train/loss tensor(3.9774) train/accuracy tensor(0.3128) train/lr 6.4 val/loss tensor(4.0237) val/accuracy tensor(0.2852)
epoch 20 train/loss tensor(3.7334) train/accuracy tensor(0.3585) train/lr 6.4 val/loss tensor(4.0113) val/accuracy tensor(0.2954)
epoch 21 train/loss tensor(3.6850) train/accuracy tensor(0.3697) train/lr 6.4 val/loss tensor(3.9752) val/accuracy tensor(0.3039)
epoch 22 train/loss tensor(3.5296) train/accuracy tensor(0.4012) train/lr 6.4 val/loss tensor(3.7778) val/accuracy tensor(0.3398)
epoch 23 train/loss tensor(3.4178) train/accuracy tensor(0.4238) train/lr 6.4 val/loss tensor(3.7446) val/accuracy tensor(0.3432)
epoch 24 train/loss tensor(3.3390) train/accuracy tensor(0.4413) train/lr 6.4 val/loss tensor(3.7617) val/accuracy tensor(0.3584)
epoch 25 train/loss tensor(3.2402) train/accuracy tensor(0.4618) train/lr 6.4 val/loss tensor(3.4708) val/accuracy tensor(0.3963)
epoch 26 train/loss tensor(3.0726) train/accuracy tensor(0.4985) train/lr 0.6400000000000001 val/loss tensor(3.2386) val/accuracy tensor(0.4484)
epoch 27 train/loss tensor(2.9814) train/accuracy tensor(0.5186) train/lr 0.6400000000000001 val/loss tensor(3.1305) val/accuracy tensor(0.4821)
epoch 28 train/loss tensor(2.8999) train/accuracy tensor(0.5370) train/lr 0.6400000000000001 val/loss tensor(3.2740) val/accuracy tensor(0.4457)
epoch 29 train/loss tensor(2.8298) train/accuracy tensor(0.5543) train/lr 0.6400000000000001 val/loss tensor(3.1305) val/accuracy tensor(0.4773)
epoch 30 train/loss tensor(2.7756) train/accuracy tensor(0.5666) train/lr 0.6400000000000001 val/loss tensor(3.0144) val/accuracy tensor(0.5092)
epoch 31 train/loss tensor(2.7194) train/accuracy tensor(0.5799) train/lr 0.6400000000000001 val/loss tensor(2.8455) val/accuracy tensor(0.5475)
epoch 32 train/loss tensor(2.6759) train/accuracy tensor(0.5902) train/lr 0.6400000000000001 val/loss tensor(3.1625) val/accuracy tensor(0.4779)
epoch 33 train/loss tensor(2.6370) train/accuracy tensor(0.5995) train/lr 0.6400000000000001 val/loss tensor(2.8880) val/accuracy tensor(0.5331)
epoch 34 train/loss tensor(2.5998) train/accuracy tensor(0.6080) train/lr 0.6400000000000001 val/loss tensor(2.9184) val/accuracy tensor(0.5432)
epoch 35 train/loss tensor(2.5666) train/accuracy tensor(0.6158) train/lr 0.6400000000000001 val/loss tensor(2.6774) val/accuracy tensor(0.5809)
epoch 36 train/loss tensor(2.5150) train/accuracy tensor(0.6283) train/lr 0.06400000000000002 val/loss tensor(2.7417) val/accuracy tensor(0.5722)
epoch 37 train/loss tensor(2.5091) train/accuracy tensor(0.6301) train/lr 0.06400000000000002 val/loss tensor(2.7358) val/accuracy tensor(0.5695)
epoch 38 train/loss tensor(2.4790) train/accuracy tensor(0.6377) train/lr 0.06400000000000002 val/loss tensor(2.6005) val/accuracy tensor(0.6007)
epoch 39 train/loss tensor(2.4596) train/accuracy tensor(0.6417) train/lr 0.06400000000000002 val/loss tensor(2.5765) val/accuracy tensor(0.6159)
epoch 40 train/loss tensor(2.4321) train/accuracy tensor(0.6494) train/lr 0.06400000000000002 val/loss tensor(2.6128) val/accuracy tensor(0.6040)
epoch 41 train/loss tensor(2.3951) train/accuracy tensor(0.6588) train/lr 0.006400000000000002 val/loss tensor(2.5539) val/accuracy tensor(0.6183)
epoch 42 train/loss tensor(2.3936) train/accuracy tensor(0.6585) train/lr 0.006400000000000002 val/loss tensor(2.5383) val/accuracy tensor(0.6231)
epoch 43 train/loss tensor(2.3762) train/accuracy tensor(0.6631) train/lr 0.006400000000000002 val/loss tensor(2.5818) val/accuracy tensor(0.6218)
epoch 44 train/loss tensor(2.3623) train/accuracy tensor(0.6666) train/lr 0.006400000000000002 val/loss tensor(2.4834) val/accuracy tensor(0.6379)
epoch 45 train/loss tensor(2.3489) train/accuracy tensor(0.6700) train/lr 0.006400000000000002 val/loss tensor(2.8158) val/accuracy tensor(0.5754)
epoch 46 train/loss tensor(2.2188) train/accuracy tensor(0.7045) train/lr 0.0006400000000000003 val/loss tensor(2.1433) val/accuracy tensor(0.7185)
epoch 47 train/loss tensor(2.1595) train/accuracy tensor(0.7198) train/lr 0.0006400000000000003 val/loss tensor(2.1214) val/accuracy tensor(0.7224)
epoch 48 train/loss tensor(2.1412) train/accuracy tensor(0.7252) train/lr 0.0006400000000000003 val/loss tensor(2.1237) val/accuracy tensor(0.7231)
epoch 49 train/loss tensor(2.1308) train/accuracy tensor(0.7271) train/lr 0.0006400000000000003 val/loss tensor(2.1147) val/accuracy tensor(0.7239)
epoch 50 train/loss tensor(2.1224) train/accuracy tensor(0.7288) train/lr 0.0006400000000000003 val/loss tensor(2.1253) val/accuracy tensor(0.7230)
epoch 51 train/loss tensor(2.0972) train/accuracy tensor(0.7360) train/lr 6.400000000000002e-05 val/loss tensor(2.0742) val/accuracy tensor(0.7279)
epoch 52 train/loss tensor(2.0900) train/accuracy tensor(0.7384) train/lr 6.400000000000002e-05 val/loss tensor(2.0702) val/accuracy tensor(0.7287)
epoch 53 train/loss tensor(2.0879) train/accuracy tensor(0.7383) train/lr 6.400000000000002e-05 val/loss tensor(2.0702) val/accuracy tensor(0.7282)
epoch 54 train/loss tensor(2.0868) train/accuracy tensor(0.7392) train/lr 6.400000000000002e-05 val/loss tensor(2.0725) val/accuracy tensor(0.7290)
epoch 55 train/loss tensor(2.0831) train/accuracy tensor(0.7399) train/lr 6.400000000000002e-05 val/loss tensor(2.0694) val/accuracy tensor(0.7295)

Training time: 0:23:47.015478


Training time: 0:24:29.602638

./scripts/run_imagenet.sh --train-dir=/pscratch/sd/s/sli/data/ILSVRC2012_img_train/ --val-dir=/pscratch/sd/s/sli/data/ILSVRC2012_img_val/ --batch-size=128 --base-lr=0.025 --kfac-inv-update-steps=0 --epochs=90 --lr-decay 30 60 80
Training command: export OMP_NUM_THREADS=4 ;  torchrun --nnodes=16 --nproc_per_node=auto --max_restarts 0 --rdzv_backend=c10d --rdzv_endpoint=nid001445  examples/torch_imagenet_resnet.py --train-dir=/pscratch/sd/s/sli/data/ILSVRC2012_img_train/ --val-dir=/pscratch/sd/s/sli/data/ILSVRC2012_img_val/ --batch-size=128 --base-lr=0.025 --kfac-inv-update-steps=0 --epochs=90 --lr-decay 30 60 80
Launching rank 0 on local node nid001445
Launching rank 1 on remote node nid001448
Launching rank 2 on remote node nid001449
Launching rank 3 on remote node nid001452
Launching rank 4 on remote node nid001453
Launching rank 5 on remote node nid001456
Launching rank 6 on remote node nid001457
Launching rank 7 on remote node nid001460
Launching rank 8 on remote node nid001461
Launching rank 9 on remote node nid001464
Launching rank 10 on remote node nid001465
Launching rank 11 on remote node nid001468
Launching rank 12 on remote node nid001469
Launching rank 13 on remote node nid001472
Launching rank 14 on remote node nid001704
Launching rank 15 on remote node nid001705
Collecting env info...
PyTorch version: 1.11.0
Is debug build: False
CUDA used to build PyTorch: 11.5
ROCM used to build PyTorch: N/A

OS: SUSE Linux Enterprise Server 15 SP3 (x86_64)
GCC version: (GCC) 11.2.0 20210728 (Cray Inc.)
Clang version: Could not collect
CMake version: version 3.17.0
Libc version: glibc-2.31

Python version: 3.9.7 (default, Sep 16 2021, 13:09:58)  [GCC 7.5.0] (64-bit runtime)
Python platform: Linux-5.3.18-150300.59.43_11.0.51-cray_shasta_c-x86_64-with-glibc2.31
Is CUDA available: True
CUDA runtime version: 11.5.119
GPU models and configuration: 
GPU 0: NVIDIA A100-SXM4-40GB
GPU 1: NVIDIA A100-SXM4-40GB
GPU 2: NVIDIA A100-SXM4-40GB
GPU 3: NVIDIA A100-SXM4-40GB

Nvidia driver version: 515.48.07
cuDNN version: Could not collect
HIP runtime version: N/A
MIOpen runtime version: N/A

Versions of relevant libraries:
[pip3] kfac-pytorch==0.4.1
[pip3] numpy==1.21.2
[pip3] pytorch-lightning==1.5.10
[pip3] torch==1.11.0
[pip3] torch-cluster==1.6.0
[pip3] torch-geometric==2.0.4
[pip3] torch-scatter==2.0.9
[pip3] torch-sparse==0.6.13
[pip3] torch-tb-profiler==0.4.0
[pip3] torchinfo==1.5.2
[pip3] torchmetrics==0.7.3
[pip3] torchvision==0.12.0a0+9b5a3fe
[conda] Could not collect

Global rank 0 initialized: local_rank = 0, world_size = 64
Global rank 1 initialized: local_rank = 1, world_size = 64
Global rank 2 initialized: local_rank = 2, world_size = 64
Global rank 3 initialized: local_rank = 3, world_size = 64
Global rank 4 initialized: local_rank = 0, world_size = 64
Global rank 5 initialized: local_rank = 1, world_size = 64
Global rank 6 initialized: local_rank = 2, world_size = 64
Global rank 7 initialized: local_rank = 3, world_size = 64
Global rank 8 initialized: local_rank = 0, world_size = 64
Global rank 9 initialized: local_rank = 1, world_size = 64
Global rank 10 initialized: local_rank = 2, world_size = 64
Global rank 11 initialized: local_rank = 3, world_size = 64
Global rank 12 initialized: local_rank = 0, world_size = 64
Global rank 13 initialized: local_rank = 1, world_size = 64
Global rank 14 initialized: local_rank = 2, world_size = 64
Global rank 15 initialized: local_rank = 3, world_size = 64
Global rank 16 initialized: local_rank = 0, world_size = 64
Global rank 17 initialized: local_rank = 1, world_size = 64
Global rank 18 initialized: local_rank = 2, world_size = 64
Global rank 19 initialized: local_rank = 3, world_size = 64
Global rank 20 initialized: local_rank = 0, world_size = 64
Global rank 21 initialized: local_rank = 1, world_size = 64
Global rank 22 initialized: local_rank = 2, world_size = 64
Global rank 23 initialized: local_rank = 3, world_size = 64
Global rank 24 initialized: local_rank = 0, world_size = 64
Global rank 25 initialized: local_rank = 1, world_size = 64
Global rank 26 initialized: local_rank = 2, world_size = 64
Global rank 27 initialized: local_rank = 3, world_size = 64
Global rank 28 initialized: local_rank = 0, world_size = 64
Global rank 29 initialized: local_rank = 1, world_size = 64
Global rank 30 initialized: local_rank = 2, world_size = 64
Global rank 31 initialized: local_rank = 3, world_size = 64
Global rank 32 initialized: local_rank = 0, world_size = 64
Global rank 33 initialized: local_rank = 1, world_size = 64
Global rank 34 initialized: local_rank = 2, world_size = 64
Global rank 35 initialized: local_rank = 3, world_size = 64
Global rank 36 initialized: local_rank = 0, world_size = 64
Global rank 37 initialized: local_rank = 1, world_size = 64
Global rank 38 initialized: local_rank = 2, world_size = 64
Global rank 39 initialized: local_rank = 3, world_size = 64
Global rank 40 initialized: local_rank = 0, world_size = 64
Global rank 41 initialized: local_rank = 1, world_size = 64
Global rank 42 initialized: local_rank = 2, world_size = 64
Global rank 43 initialized: local_rank = 3, world_size = 64
Global rank 44 initialized: local_rank = 0, world_size = 64
Global rank 45 initialized: local_rank = 1, world_size = 64
Global rank 46 initialized: local_rank = 2, world_size = 64
Global rank 47 initialized: local_rank = 3, world_size = 64
Global rank 48 initialized: local_rank = 0, world_size = 64
Global rank 49 initialized: local_rank = 1, world_size = 64
Global rank 50 initialized: local_rank = 2, world_size = 64
Global rank 51 initialized: local_rank = 3, world_size = 64
Global rank 52 initialized: local_rank = 0, world_size = 64
Global rank 53 initialized: local_rank = 1, world_size = 64
Global rank 54 initialized: local_rank = 2, world_size = 64
Global rank 55 initialized: local_rank = 3, world_size = 64
Global rank 56 initialized: local_rank = 0, world_size = 64
Global rank 57 initialized: local_rank = 1, world_size = 64
Global rank 58 initialized: local_rank = 2, world_size = 64
Global rank 59 initialized: local_rank = 3, world_size = 64
Global rank 60 initialized: local_rank = 0, world_size = 64
Global rank 61 initialized: local_rank = 1, world_size = 64
Global rank 62 initialized: local_rank = 2, world_size = 64
Global rank 63 initialized: local_rank = 3, world_size = 64
epoch 1 train/loss tensor(6.8103) train/accuracy tensor(0.0049) train/lr 0.025 val/loss tensor(6.6270) val/accuracy tensor(0.0105)
epoch 2 train/loss tensor(6.2039) train/accuracy tensor(0.0305) train/lr 0.34 val/loss tensor(5.6381) val/accuracy tensor(0.0707)
epoch 3 train/loss tensor(5.4585) train/accuracy tensor(0.0909) train/lr 0.655 val/loss tensor(5.7917) val/accuracy tensor(0.0908)
epoch 4 train/loss tensor(4.7403) train/accuracy tensor(0.1851) train/lr 0.97 val/loss tensor(4.4660) val/accuracy tensor(0.2213)
epoch 5 train/loss tensor(4.1847) train/accuracy tensor(0.2779) train/lr 1.2850000000000001 val/loss tensor(4.0339) val/accuracy tensor(0.2973)
epoch 6 train/loss tensor(3.7960) train/accuracy tensor(0.3508) train/lr 1.6 val/loss tensor(3.9670) val/accuracy tensor(0.3416)
epoch 7 train/loss tensor(3.5257) train/accuracy tensor(0.4055) train/lr 1.6 val/loss tensor(21.2813) val/accuracy tensor(0.1621)
epoch 8 train/loss tensor(3.3491) train/accuracy tensor(0.4434) train/lr 1.6 val/loss tensor(3.3472) val/accuracy tensor(0.4285)
epoch 9 train/loss tensor(3.2104) train/accuracy tensor(0.4728) train/lr 1.6 val/loss tensor(3.2726) val/accuracy tensor(0.4438)
epoch 10 train/loss tensor(3.1194) train/accuracy tensor(0.4924) train/lr 1.6 val/loss tensor(3.0783) val/accuracy tensor(0.4893)
epoch 11 train/loss tensor(3.0434) train/accuracy tensor(0.5095) train/lr 1.6 val/loss tensor(3.0510) val/accuracy tensor(0.4966)
epoch 12 train/loss tensor(2.9851) train/accuracy tensor(0.5225) train/lr 1.6 val/loss tensor(3.0528) val/accuracy tensor(0.4957)
epoch 13 train/loss tensor(2.9345) train/accuracy tensor(0.5334) train/lr 1.6 val/loss tensor(2.9408) val/accuracy tensor(0.5197)
epoch 14 train/loss tensor(2.8966) train/accuracy tensor(0.5419) train/lr 1.6 val/loss tensor(3.0692) val/accuracy tensor(0.4898)
epoch 15 train/loss tensor(2.8643) train/accuracy tensor(0.5490) train/lr 1.6 val/loss tensor(2.8697) val/accuracy tensor(0.5351)
epoch 16 train/loss tensor(2.8296) train/accuracy tensor(0.5572) train/lr 1.6 val/loss tensor(2.8955) val/accuracy tensor(0.5341)
epoch 17 train/loss tensor(2.8067) train/accuracy tensor(0.5622) train/lr 1.6 val/loss tensor(2.7875) val/accuracy tensor(0.5547)
epoch 18 train/loss tensor(2.7847) train/accuracy tensor(0.5671) train/lr 1.6 val/loss tensor(2.9992) val/accuracy tensor(0.5097)
epoch 19 train/loss tensor(2.7606) train/accuracy tensor(0.5721) train/lr 1.6 val/loss tensor(2.7834) val/accuracy tensor(0.5545)
epoch 20 train/loss tensor(2.7417) train/accuracy tensor(0.5764) train/lr 1.6 val/loss tensor(2.8500) val/accuracy tensor(0.5384)
epoch 21 train/loss tensor(2.7232) train/accuracy tensor(0.5812) train/lr 1.6 val/loss tensor(2.6205) val/accuracy tensor(0.5948)
epoch 22 train/loss tensor(2.7117) train/accuracy tensor(0.5828) train/lr 1.6 val/loss tensor(2.6674) val/accuracy tensor(0.5847)
epoch 23 train/loss tensor(2.6980) train/accuracy tensor(0.5855) train/lr 1.6 val/loss tensor(3.0231) val/accuracy tensor(0.5062)
epoch 24 train/loss tensor(2.6820) train/accuracy tensor(0.5900) train/lr 1.6 val/loss tensor(2.7482) val/accuracy tensor(0.5617)
epoch 25 train/loss tensor(2.6691) train/accuracy tensor(0.5928) train/lr 1.6 val/loss tensor(2.7914) val/accuracy tensor(0.5530)
epoch 26 train/loss tensor(2.6586) train/accuracy tensor(0.5950) train/lr 1.6 val/loss tensor(2.8505) val/accuracy tensor(0.5387)
epoch 27 train/loss tensor(2.6473) train/accuracy tensor(0.5970) train/lr 1.6 val/loss tensor(2.6732) val/accuracy tensor(0.5833)
epoch 28 train/loss tensor(2.6396) train/accuracy tensor(0.5990) train/lr 1.6 val/loss tensor(2.6739) val/accuracy tensor(0.5799)
epoch 29 train/loss tensor(2.6278) train/accuracy tensor(0.6018) train/lr 1.6 val/loss tensor(2.6909) val/accuracy tensor(0.5773)
epoch 30 train/loss tensor(2.6177) train/accuracy tensor(0.6043) train/lr 1.6 val/loss tensor(2.6437) val/accuracy tensor(0.5881)
epoch 31 train/loss tensor(2.3490) train/accuracy tensor(0.6718) train/lr 0.16000000000000003 val/loss tensor(2.1428) val/accuracy tensor(0.7105)
epoch 32 train/loss tensor(2.2723) train/accuracy tensor(0.6903) train/lr 0.16000000000000003 val/loss tensor(2.1160) val/accuracy tensor(0.7166)
epoch 33 train/loss tensor(2.2381) train/accuracy tensor(0.6980) train/lr 0.16000000000000003 val/loss tensor(2.1089) val/accuracy tensor(0.7181)
epoch 34 train/loss tensor(2.2200) train/accuracy tensor(0.7025) train/lr 0.16000000000000003 val/loss tensor(2.0918) val/accuracy tensor(0.7239)
epoch 35 train/loss tensor(2.2036) train/accuracy tensor(0.7064) train/lr 0.16000000000000003 val/loss tensor(2.1007) val/accuracy tensor(0.7195)
epoch 36 train/loss tensor(2.1902) train/accuracy tensor(0.7096) train/lr 0.16000000000000003 val/loss tensor(2.0939) val/accuracy tensor(0.7204)
epoch 37 train/loss tensor(2.1806) train/accuracy tensor(0.7118) train/lr 0.16000000000000003 val/loss tensor(2.0777) val/accuracy tensor(0.7246)
epoch 38 train/loss tensor(2.1684) train/accuracy tensor(0.7146) train/lr 0.16000000000000003 val/loss tensor(2.0855) val/accuracy tensor(0.7239)
epoch 39 train/loss tensor(2.1608) train/accuracy tensor(0.7166) train/lr 0.16000000000000003 val/loss tensor(2.0782) val/accuracy tensor(0.7253)
epoch 40 train/loss tensor(2.1509) train/accuracy tensor(0.7190) train/lr 0.16000000000000003 val/loss tensor(2.0680) val/accuracy tensor(0.7260)
epoch 41 train/loss tensor(2.1413) train/accuracy tensor(0.7216) train/lr 0.16000000000000003 val/loss tensor(2.0659) val/accuracy tensor(0.7280)
epoch 42 train/loss tensor(2.1340) train/accuracy tensor(0.7234) train/lr 0.16000000000000003 val/loss tensor(2.0696) val/accuracy tensor(0.7255)
epoch 43 train/loss tensor(2.1298) train/accuracy tensor(0.7242) train/lr 0.16000000000000003 val/loss tensor(2.0774) val/accuracy tensor(0.7253)
epoch 44 train/loss tensor(2.1207) train/accuracy tensor(0.7265) train/lr 0.16000000000000003 val/loss tensor(2.0697) val/accuracy tensor(0.7251)
epoch 45 train/loss tensor(2.1174) train/accuracy tensor(0.7273) train/lr 0.16000000000000003 val/loss tensor(2.0646) val/accuracy tensor(0.7278)
epoch 46 train/loss tensor(2.1121) train/accuracy tensor(0.7286) train/lr 0.16000000000000003 val/loss tensor(2.0713) val/accuracy tensor(0.7265)
epoch 47 train/loss tensor(2.1063) train/accuracy tensor(0.7302) train/lr 0.16000000000000003 val/loss tensor(2.0906) val/accuracy tensor(0.7197)
epoch 48 train/loss tensor(2.1003) train/accuracy tensor(0.7318) train/lr 0.16000000000000003 val/loss tensor(2.0724) val/accuracy tensor(0.7253)
epoch 49 train/loss tensor(2.0980) train/accuracy tensor(0.7323) train/lr 0.16000000000000003 val/loss tensor(2.0642) val/accuracy tensor(0.7281)
epoch 50 train/loss tensor(2.0945) train/accuracy tensor(0.7332) train/lr 0.16000000000000003 val/loss tensor(2.0674) val/accuracy tensor(0.7280)
epoch 51 train/loss tensor(2.0896) train/accuracy tensor(0.7342) train/lr 0.16000000000000003 val/loss tensor(2.0619) val/accuracy tensor(0.7276)
epoch 52 train/loss tensor(2.0827) train/accuracy tensor(0.7360) train/lr 0.16000000000000003 val/loss tensor(2.0757) val/accuracy tensor(0.7258)
epoch 53 train/loss tensor(2.0834) train/accuracy tensor(0.7360) train/lr 0.16000000000000003 val/loss tensor(2.0753) val/accuracy tensor(0.7241)
epoch 54 train/loss tensor(2.0772) train/accuracy tensor(0.7375) train/lr 0.16000000000000003 val/loss tensor(2.0726) val/accuracy tensor(0.7240)
epoch 55 train/loss tensor(2.0733) train/accuracy tensor(0.7384) train/lr 0.16000000000000003 val/loss tensor(2.0619) val/accuracy tensor(0.7281)
epoch 56 train/loss tensor(2.0706) train/accuracy tensor(0.7392) train/lr 0.16000000000000003 val/loss tensor(2.0635) val/accuracy tensor(0.7273)
epoch 57 train/loss tensor(2.0694) train/accuracy tensor(0.7393) train/lr 0.16000000000000003 val/loss tensor(2.0728) val/accuracy tensor(0.7262)
epoch 58 train/loss tensor(2.0651) train/accuracy tensor(0.7403) train/lr 0.16000000000000003 val/loss tensor(2.0684) val/accuracy tensor(0.7267)
epoch 59 train/loss tensor(2.0637) train/accuracy tensor(0.7409) train/lr 0.16000000000000003 val/loss tensor(2.0805) val/accuracy tensor(0.7240)
epoch 60 train/loss tensor(2.0616) train/accuracy tensor(0.7413) train/lr 0.16000000000000003 val/loss tensor(2.0726) val/accuracy tensor(0.7265)
epoch 61 train/loss tensor(1.9923) train/accuracy tensor(0.7607) train/lr 0.016000000000000004 val/loss tensor(1.9889) val/accuracy tensor(0.7480)
epoch 62 train/loss tensor(1.9706) train/accuracy tensor(0.7664) train/lr 0.016000000000000004 val/loss tensor(1.9859) val/accuracy tensor(0.7489)
epoch 63 train/loss tensor(1.9623) train/accuracy tensor(0.7687) train/lr 0.016000000000000004 val/loss tensor(1.9806) val/accuracy tensor(0.7498)
epoch 64 train/loss tensor(1.9554) train/accuracy tensor(0.7707) train/lr 0.016000000000000004 val/loss tensor(1.9801) val/accuracy tensor(0.7492)
epoch 65 train/loss tensor(1.9509) train/accuracy tensor(0.7716) train/lr 0.016000000000000004 val/loss tensor(1.9790) val/accuracy tensor(0.7503)
epoch 66 train/loss tensor(1.9465) train/accuracy tensor(0.7724) train/lr 0.016000000000000004 val/loss tensor(1.9775) val/accuracy tensor(0.7496)
epoch 67 train/loss tensor(1.9435) train/accuracy tensor(0.7733) train/lr 0.016000000000000004 val/loss tensor(1.9792) val/accuracy tensor(0.7497)
epoch 68 train/loss tensor(1.9407) train/accuracy tensor(0.7741) train/lr 0.016000000000000004 val/loss tensor(1.9782) val/accuracy tensor(0.7494)
epoch 69 train/loss tensor(1.9384) train/accuracy tensor(0.7753) train/lr 0.016000000000000004 val/loss tensor(1.9786) val/accuracy tensor(0.7509)
epoch 70 train/loss tensor(1.9359) train/accuracy tensor(0.7755) train/lr 0.016000000000000004 val/loss tensor(1.9751) val/accuracy tensor(0.7505)
epoch 71 train/loss tensor(1.9347) train/accuracy tensor(0.7759) train/lr 0.016000000000000004 val/loss tensor(1.9768) val/accuracy tensor(0.7496)
epoch 72 train/loss tensor(1.9312) train/accuracy tensor(0.7774) train/lr 0.016000000000000004 val/loss tensor(1.9760) val/accuracy tensor(0.7506)
epoch 73 train/loss tensor(1.9302) train/accuracy tensor(0.7771) train/lr 0.016000000000000004 val/loss tensor(1.9755) val/accuracy tensor(0.7504)
epoch 74 train/loss tensor(1.9261) train/accuracy tensor(0.7783) train/lr 0.016000000000000004 val/loss tensor(1.9748) val/accuracy tensor(0.7502)
epoch 75 train/loss tensor(1.9252) train/accuracy tensor(0.7786) train/lr 0.016000000000000004 val/loss tensor(1.9723) val/accuracy tensor(0.7511)
epoch 76 train/loss tensor(1.9244) train/accuracy tensor(0.7784) train/lr 0.016000000000000004 val/loss tensor(1.9738) val/accuracy tensor(0.7518)
epoch 77 train/loss tensor(1.9214) train/accuracy tensor(0.7793) train/lr 0.016000000000000004 val/loss tensor(1.9717) val/accuracy tensor(0.7515)
epoch 78 train/loss tensor(1.9198) train/accuracy tensor(0.7801) train/lr 0.016000000000000004 val/loss tensor(1.9789) val/accuracy tensor(0.7507)
epoch 79 train/loss tensor(1.9191) train/accuracy tensor(0.7805) train/lr 0.016000000000000004 val/loss tensor(1.9780) val/accuracy tensor(0.7497)
epoch 80 train/loss tensor(1.9168) train/accuracy tensor(0.7809) train/lr 0.016000000000000004 val/loss tensor(1.9754) val/accuracy tensor(0.7494)
epoch 81 train/loss tensor(1.9091) train/accuracy tensor(0.7828) train/lr 0.0016000000000000005 val/loss tensor(1.9689) val/accuracy tensor(0.7530)
epoch 82 train/loss tensor(1.9089) train/accuracy tensor(0.7830) train/lr 0.0016000000000000005 val/loss tensor(1.9698) val/accuracy tensor(0.7514)
epoch 83 train/loss tensor(1.9061) train/accuracy tensor(0.7839) train/lr 0.0016000000000000005 val/loss tensor(1.9681) val/accuracy tensor(0.7511)
epoch 84 train/loss tensor(1.9068) train/accuracy tensor(0.7835) train/lr 0.0016000000000000005 val/loss tensor(1.9698) val/accuracy tensor(0.7511)
epoch 85 train/loss tensor(1.9051) train/accuracy tensor(0.7843) train/lr 0.0016000000000000005 val/loss tensor(1.9704) val/accuracy tensor(0.7508)
epoch 86 train/loss tensor(1.9045) train/accuracy tensor(0.7848) train/lr 0.0016000000000000005 val/loss tensor(1.9684) val/accuracy tensor(0.7514)
epoch 87 train/loss tensor(1.9064) train/accuracy tensor(0.7837) train/lr 0.0016000000000000005 val/loss tensor(1.9677) val/accuracy tensor(0.7516)
epoch 88 train/loss tensor(1.9033) train/accuracy tensor(0.7846) train/lr 0.0016000000000000005 val/loss tensor(1.9674) val/accuracy tensor(0.7510)
epoch 89 train/loss tensor(1.9048) train/accuracy tensor(0.7843) train/lr 0.0016000000000000005 val/loss tensor(1.9694) val/accuracy tensor(0.7518)
epoch 90 train/loss tensor(1.9041) train/accuracy tensor(0.7848) train/lr 0.0016000000000000005 val/loss tensor(1.9685) val/accuracy tensor(0.7518)

